2024-07-21 13:40:35 - INFO - Starting detection in directory: C:/Temp/Target/12 way China
2024-07-21 13:40:35 - INFO - Cutoff date for file modification: 2024-07-20
2024-07-21 13:40:35 - DEBUG - Checking file: C:/Temp/Target/12 way China\106300 Forequarter.docx, Last Modified: 2024-07-21 13:17:36.179608
2024-07-21 13:40:35 - DEBUG - File C:/Temp/Target/12 way China\106300 Forequarter.docx does not match the file types ['.doc']
2024-07-21 13:40:35 - DEBUG - Checking file: C:/Temp/Target/12 way China\106300 Forequarter.pdf, Last Modified: 2024-07-21 11:12:59.390698
2024-07-21 13:40:35 - DEBUG - File C:/Temp/Target/12 way China\106300 Forequarter.pdf does not match the file types ['.doc']
2024-07-21 13:40:35 - DEBUG - Checking file: C:/Temp/Target/12 way China\150300 Butt.docx, Last Modified: 2024-07-21 13:17:37.344728
2024-07-21 13:40:35 - DEBUG - File C:/Temp/Target/12 way China\150300 Butt.docx does not match the file types ['.doc']
2024-07-21 13:40:35 - DEBUG - Checking file: C:/Temp/Target/12 way China\150300 Butt.pdf, Last Modified: 2024-07-21 11:13:03.773883
2024-07-21 13:40:35 - DEBUG - File C:/Temp/Target/12 way China\150300 Butt.pdf does not match the file types ['.doc']
2024-07-21 13:40:35 - DEBUG - Checking file: C:/Temp/Target/12 way China\154000 Rump and Loin.docx, Last Modified: 2024-07-21 13:17:38.500522
2024-07-21 13:40:35 - DEBUG - File C:/Temp/Target/12 way China\154000 Rump and Loin.docx does not match the file types ['.doc']
2024-07-21 13:40:35 - DEBUG - Checking file: C:/Temp/Target/12 way China\154000 Rump and Loin.pdf, Last Modified: 2024-07-21 11:13:08.765429
2024-07-21 13:40:35 - DEBUG - File C:/Temp/Target/12 way China\154000 Rump and Loin.pdf does not match the file types ['.doc']
2024-07-21 13:40:35 - DEBUG - Checking file: C:/Temp/Target/12 way China\159000 Rib Set.docx, Last Modified: 2024-07-21 13:17:39.651523
2024-07-21 13:40:35 - DEBUG - File C:/Temp/Target/12 way China\159000 Rib Set.docx does not match the file types ['.doc']
2024-07-21 13:40:35 - DEBUG - Checking file: C:/Temp/Target/12 way China\159000 Rib Set.pdf, Last Modified: 2024-07-21 11:13:14.095907
2024-07-21 13:40:35 - DEBUG - File C:/Temp/Target/12 way China\159000 Rib Set.pdf does not match the file types ['.doc']
2024-07-21 13:40:35 - DEBUG - Checking file: C:/Temp/Target/12 way China\162400 Clod and Foreleg.docx, Last Modified: 2024-07-21 13:17:40.790702
2024-07-21 13:40:35 - DEBUG - File C:/Temp/Target/12 way China\162400 Clod and Foreleg.docx does not match the file types ['.doc']
2024-07-21 13:40:35 - DEBUG - Checking file: C:/Temp/Target/12 way China\162400 Clod and Foreleg.pdf, Last Modified: 2024-07-21 11:13:17.756747
2024-07-21 13:40:35 - DEBUG - File C:/Temp/Target/12 way China\162400 Clod and Foreleg.pdf does not match the file types ['.doc']
2024-07-21 13:40:35 - DEBUG - Checking file: C:/Temp/Target/12 way China\164300 Brisket and Flank.docx, Last Modified: 2024-07-21 13:17:41.940710
2024-07-21 13:40:35 - DEBUG - File C:/Temp/Target/12 way China\164300 Brisket and Flank.docx does not match the file types ['.doc']
2024-07-21 13:40:35 - DEBUG - Checking file: C:/Temp/Target/12 way China\164300 Brisket and Flank.pdf, Last Modified: 2024-07-21 11:13:22.187055
2024-07-21 13:40:35 - DEBUG - File C:/Temp/Target/12 way China\164300 Brisket and Flank.pdf does not match the file types ['.doc']
2024-07-21 13:40:35 - DEBUG - Checking file: C:/Temp/Target/12 way China\Neck.docx, Last Modified: 2024-07-21 13:17:43.111270
2024-07-21 13:40:35 - DEBUG - File C:/Temp/Target/12 way China\Neck.docx does not match the file types ['.doc']
2024-07-21 13:40:35 - DEBUG - Checking file: C:/Temp/Target/12 way China\Rib Set 7 rib.docx, Last Modified: 2024-07-21 13:17:44.277129
2024-07-21 13:40:35 - DEBUG - File C:/Temp/Target/12 way China\Rib Set 7 rib.docx does not match the file types ['.doc']
2024-07-21 13:40:35 - DEBUG - Checking file: C:/Temp/Target/12 way China\Shank.docx, Last Modified: 2024-07-21 13:17:45.435845
2024-07-21 13:40:35 - DEBUG - File C:/Temp/Target/12 way China\Shank.docx does not match the file types ['.doc']
2024-07-21 13:40:35 - DEBUG - Checking file: C:/Temp/Target/12 way China\Short Loin.docx, Last Modified: 2024-07-21 13:17:46.588365
2024-07-21 13:40:35 - DEBUG - File C:/Temp/Target/12 way China\Short Loin.docx does not match the file types ['.doc']
2024-07-21 13:40:35 - DEBUG - Checking file: C:/Temp/Target/12 way China\Short Ribs 12 rib.docx, Last Modified: 2024-07-21 13:17:47.754169
2024-07-21 13:40:35 - DEBUG - File C:/Temp/Target/12 way China\Short Ribs 12 rib.docx does not match the file types ['.doc']
2024-07-21 13:40:35 - INFO - Detection completed. Total files checked: 17, Files detected: 0
