**********************
Windows PowerShell transcript start
Start time: 20240714183516
Username: DESKTOP-29IT32K\samha
RunAs User: DESKTOP-29IT32K\samha
Configuration Name: 
Machine: DESKTOP-29IT32K (Microsoft Windows NT 10.0.22631.0)
Host Application: C:\WINDOWS\System32\WindowsPowerShell\v1.0\powershell.exe -NoProfile -ExecutionPolicy Bypass -Command Import-Module 'c:\Users\samha\.vscode\extensions\ms-vscode.powershell-2024.2.2\modules\PowerShellEditorServices\PowerShellEditorServices.psd1'; Start-EditorServices -HostName 'Visual Studio Code Host' -HostProfileId 'Microsoft.VSCode' -HostVersion '2024.2.2' -BundledModulesPath 'c:\Users\samha\.vscode\extensions\ms-vscode.powershell-2024.2.2\modules' -EnableConsoleRepl -StartupBanner "PowerShell Extension v2024.2.2
Copyright (c) Microsoft Corporation.

https://aka.ms/vscode-powershell
Type 'help' to get help.
" -LogLevel 'Normal' -LogPath 'c:\Users\samha\AppData\Roaming\Code\User\globalStorage\ms-vscode.powershell\logs\1720945200-01bfc6bc-ebd3-4b2c-87a2-c337a94595ad1720945180008' -SessionDetailsPath 'c:\Users\samha\AppData\Roaming\Code\User\globalStorage\ms-vscode.powershell\sessions\PSES-VSCode-20208-475700.json' -FeatureFlags @() 
Process ID: 5936
PSVersion: 5.1.22621.3880
PSEdition: Desktop
PSCompatibleVersions: 1.0, 2.0, 3.0, 4.0, 5.0, 5.1.22621.3880
BuildVersion: 10.0.22621.3880
CLRVersion: 4.0.30319.42000
WSManStackVersion: 3.0
PSRemotingProtocolVersion: 2.3
SerializationVersion: 1.1.0.1
**********************
Transcript started, output file is .\RemoteAccessVendor.log
Import-Module : The specified module 'ActiveDirectory' was not loaded because no valid module file was found in any 
module directory.
At C:\Users\samha\Downloads\Scripts\AD Scripts\1. User Creation\1. Remote Access Vendor creation\Remote Access 
Vendor.ps1:5 char:1
+ Import-Module ActiveDirectory
+ ~~~~~~~~~~~~~~~~~~~~~~~~~~~~~
    + CategoryInfo          : ResourceUnavailable: (ActiveDirectory:String) [Import-Module], FileNotFoundException
    + FullyQualifiedErrorId : Modules_ModuleNotFound,Microsoft.PowerShell.Commands.ImportModuleCommand
Import-Module : The specified module 'ActiveDirectory' was not loaded because no valid module file was found in any module directory.
At C:\Users\samha\Downloads\Scripts\AD Scripts\1. User Creation\1. Remote Access Vendor creation\Remote Access Vendor.ps1:5 char:1
+ Import-Module ActiveDirectory
+ ~~~~~~~~~~~~~~~~~~~~~~~~~~~~~
    + CategoryInfo          : ResourceUnavailable: (ActiveDirectory:String) [Import-Module], FileNotFoundException
    + FullyQualifiedErrorId : Modules_ModuleNotFound,Microsoft.PowerShell.Commands.ImportModuleCommand

PS>TerminatingError(): "The pipeline has been stopped."
>> TerminatingError(): "The pipeline has been stopped."
>> TerminatingError(): "The pipeline has been stopped."
PS>TerminatingError(): "The pipeline has been stopped."
]633;D;1]633;A]633;P;Cwd=C:\x5cGitHub\x5cScripts\x5cPowershell\x5cDevice Ping LoggerPS C:\GitHub\Scripts\Powershell\Device Ping Logger> ]633;B
PS>CommandInvocation(Get-Command): "Get-Command"
>> ParameterBinding(Get-Command): name="ListImported"; value="True"
>> ParameterBinding(Get-Command): name="CommandType"; value="Alias"

CommandType     Name                                               Version    Source
-----------     ----                                               -------    ------
Alias           % -> ForEach-Object
Alias           ? -> Where-Object
Alias           ac -> Add-Content
Alias           asnp -> Add-PSSnapin
Alias           cat -> Get-Content
Alias           cd -> Set-Location
Alias           CFS -> ConvertFrom-String                          3.1.0.0    Microsoft.PowerShell.Utility
Alias           chdir -> Set-Location
Alias           clc -> Clear-Content
Alias           clear -> Clear-Host
Alias           clhy -> Clear-History
Alias           cli -> Clear-Item
Alias           clp -> Clear-ItemProperty
Alias           cls -> Clear-Host
Alias           clv -> Clear-Variable
Alias           cnsn -> Connect-PSSession
Alias           compare -> Compare-Object
Alias           copy -> Copy-Item
Alias           cp -> Copy-Item
Alias           cpi -> Copy-Item
Alias           cpp -> Copy-ItemProperty
Alias           curl -> Invoke-WebRequest
Alias           cvpa -> Convert-Path
Alias           dbp -> Disable-PSBreakpoint
Alias           del -> Remove-Item
Alias           diff -> Compare-Object
Alias           dir -> Get-ChildItem
Alias           dnsn -> Disconnect-PSSession
Alias           ebp -> Enable-PSBreakpoint
Alias           echo -> Write-Output
Alias           epal -> Export-Alias
Alias           epcsv -> Export-Csv
Alias           epsn -> Export-PSSession
Alias           erase -> Remove-Item
Alias           etsn -> Enter-PSSession
Alias           exsn -> Exit-PSSession
Alias           fc -> Format-Custom
Alias           fhx -> Format-Hex                                  3.1.0.0    Microsoft.PowerShell.Utility
Alias           fl -> Format-List
Alias           foreach -> ForEach-Object
Alias           ft -> Format-Table
Alias           fw -> Format-Wide
Alias           gal -> Get-Alias
Alias           gbp -> Get-PSBreakpoint
Alias           gc -> Get-Content
Alias           gcb -> Get-Clipboard                               3.1.0.0    Microsoft.PowerShell.Management
Alias           gci -> Get-ChildItem
Alias           gcm -> Get-Command
Alias           gcs -> Get-PSCallStack
Alias           gdr -> Get-PSDrive
Alias           ghy -> Get-History
Alias           gi -> Get-Item
Alias           gin -> Get-ComputerInfo                            3.1.0.0    Microsoft.PowerShell.Management
Alias           gjb -> Get-Job
Alias           gl -> Get-Location
Alias           gm -> Get-Member
Alias           gmo -> Get-Module
Alias           gp -> Get-ItemProperty
Alias           gps -> Get-Process
Alias           gpv -> Get-ItemPropertyValue
Alias           group -> Group-Object
Alias           gsn -> Get-PSSession
Alias           gsnp -> Get-PSSnapin
Alias           gsv -> Get-Service
Alias           gtz -> Get-TimeZone                                3.1.0.0    Microsoft.PowerShell.Management
Alias           gu -> Get-Unique
Alias           gv -> Get-Variable
Alias           gwmi -> Get-WmiObject
Alias           h -> Get-History
Alias           history -> Get-History
Alias           icm -> Invoke-Command
Alias           iex -> Invoke-Expression
Alias           ihy -> Invoke-History
Alias           ii -> Invoke-Item
Alias           ipal -> Import-Alias
Alias           ipcsv -> Import-Csv
Alias           ipmo -> Import-Module
Alias           ipsn -> Import-PSSession
Alias           irm -> Invoke-RestMethod
Alias           ise -> powershell_ise.exe
Alias           iwmi -> Invoke-WmiMethod
Alias           iwr -> Invoke-WebRequest
Alias           kill -> Stop-Process
Alias           lp -> Out-Printer
Alias           ls -> Get-ChildItem
Alias           man -> help
Alias           md -> mkdir
Alias           measure -> Measure-Object
Alias           mi -> Move-Item
Alias           mount -> New-PSDrive
Alias           move -> Move-Item
Alias           mp -> Move-ItemProperty
Alias           mv -> Move-Item
Alias           nal -> New-Alias
Alias           ndr -> New-PSDrive
Alias           ni -> New-Item
Alias           nmo -> New-Module
Alias           npssc -> New-PSSessionConfigurationFile
Alias           nsn -> New-PSSession
Alias           nv -> New-Variable
Alias           ogv -> Out-GridView
Alias           oh -> Out-Host
Alias           popd -> Pop-Location
Alias           ps -> Get-Process
Alias           psedit -> Open-EditorFile                          0.2.0      PowerShellEditorServices.Commands
Alias           pushd -> Push-Location
Alias           pwd -> Get-Location
Alias           r -> Invoke-History
Alias           rbp -> Remove-PSBreakpoint
Alias           rcjb -> Receive-Job
Alias           rcsn -> Receive-PSSession
Alias           rd -> Remove-Item
Alias           rdr -> Remove-PSDrive
Alias           ren -> Rename-Item
Alias           ri -> Remove-Item
Alias           rjb -> Remove-Job
Alias           rm -> Remove-Item
Alias           rmdir -> Remove-Item
Alias           rmo -> Remove-Module
Alias           rni -> Rename-Item
Alias           rnp -> Rename-ItemProperty
Alias           rp -> Remove-ItemProperty
Alias           rsn -> Remove-PSSession
Alias           rsnp -> Remove-PSSnapin
Alias           rujb -> Resume-Job
Alias           rv -> Remove-Variable
Alias           rvpa -> Resolve-Path
Alias           rwmi -> Remove-WmiObject
Alias           sajb -> Start-Job
Alias           sal -> Set-Alias
Alias           saps -> Start-Process
Alias           sasv -> Start-Service
Alias           sbp -> Set-PSBreakpoint
Alias           sc -> Set-Content
Alias           scb -> Set-Clipboard                               3.1.0.0    Microsoft.PowerShell.Management
Alias           select -> Select-Object
Alias           set -> Set-Variable
Alias           shcm -> Show-Command
Alias           si -> Set-Item
Alias           sl -> Set-Location
Alias           sleep -> Start-Sleep
Alias           sls -> Select-String
Alias           sort -> Sort-Object
Alias           sp -> Set-ItemProperty
Alias           spjb -> Stop-Job
Alias           spps -> Stop-Process
Alias           spsv -> Stop-Service
Alias           start -> Start-Process
Alias           stz -> Set-TimeZone                                3.1.0.0    Microsoft.PowerShell.Management
Alias           sujb -> Suspend-Job
Alias           sv -> Set-Variable
Alias           swmi -> Set-WmiInstance
Alias           tee -> Tee-Object
Alias           trcm -> Trace-Command
Alias           type -> Get-Content
Alias           wget -> Invoke-WebRequest
Alias           where -> Where-Object
Alias           wjb -> Wait-Job
Alias           write -> Write-Output


PS>CommandInvocation(Get-Command): "Get-Command"
>> ParameterBinding(Get-Command): name="ErrorAction"; value="Ignore"
>> ParameterBinding(Get-Command): name="Name"; value="Stop-Transcript"

CommandType     Name                                               Version    Source
-----------     ----                                               -------    ------
Cmdlet          Stop-Transcript                                    3.0.0.0    Microsoft.PowerShell.Host


PS>CommandInvocation(Get-Help): "Get-Help"
>> ParameterBinding(Get-Help): name="Name"; value="Stop-Transcript"
>> ParameterBinding(Get-Help): name="Online"; value="False"
>> ParameterBinding(Get-Help): name="ErrorAction"; value="Ignore"

NAME
    Stop-Transcript

SYNTAX
    Stop-Transcript  [<CommonParameters>]


ALIASES
    None


REMARKS
    Get-Help cannot find the Help files for this cmdlet on this computer. It is displaying only partial help.
        -- To download and install Help files for the module that includes this cmdlet, use Update-Help.
        -- To view the Help topic for this cmdlet online, type: "Get-Help Stop-Transcript -Online" or
           go to https://go.microsoft.com/fwlink/?LinkID=113415.



PS>CommandInvocation(Get-Command): "Get-Command"
>> ParameterBinding(Get-Command): name="ListImported"; value="True"
>> ParameterBinding(Get-Command): name="CommandType"; value="Alias"

CommandType     Name                                               Version    Source
-----------     ----                                               -------    ------
Alias           % -> ForEach-Object
Alias           ? -> Where-Object
Alias           ac -> Add-Content
Alias           asnp -> Add-PSSnapin
Alias           cat -> Get-Content
Alias           cd -> Set-Location
Alias           CFS -> ConvertFrom-String                          3.1.0.0    Microsoft.PowerShell.Utility
Alias           chdir -> Set-Location
Alias           clc -> Clear-Content
Alias           clear -> Clear-Host
Alias           clhy -> Clear-History
Alias           cli -> Clear-Item
Alias           clp -> Clear-ItemProperty
Alias           cls -> Clear-Host
Alias           clv -> Clear-Variable
Alias           cnsn -> Connect-PSSession
Alias           compare -> Compare-Object
Alias           copy -> Copy-Item
Alias           cp -> Copy-Item
Alias           cpi -> Copy-Item
Alias           cpp -> Copy-ItemProperty
Alias           curl -> Invoke-WebRequest
Alias           cvpa -> Convert-Path
Alias           dbp -> Disable-PSBreakpoint
Alias           del -> Remove-Item
Alias           diff -> Compare-Object
Alias           dir -> Get-ChildItem
Alias           dnsn -> Disconnect-PSSession
Alias           ebp -> Enable-PSBreakpoint
Alias           echo -> Write-Output
Alias           epal -> Export-Alias
Alias           epcsv -> Export-Csv
Alias           epsn -> Export-PSSession
Alias           erase -> Remove-Item
Alias           etsn -> Enter-PSSession
Alias           exsn -> Exit-PSSession
Alias           fc -> Format-Custom
Alias           fhx -> Format-Hex                                  3.1.0.0    Microsoft.PowerShell.Utility
Alias           fl -> Format-List
Alias           foreach -> ForEach-Object
Alias           ft -> Format-Table
Alias           fw -> Format-Wide
Alias           gal -> Get-Alias
Alias           gbp -> Get-PSBreakpoint
Alias           gc -> Get-Content
Alias           gcb -> Get-Clipboard                               3.1.0.0    Microsoft.PowerShell.Management
Alias           gci -> Get-ChildItem
Alias           gcm -> Get-Command
Alias           gcs -> Get-PSCallStack
Alias           gdr -> Get-PSDrive
Alias           ghy -> Get-History
Alias           gi -> Get-Item
Alias           gin -> Get-ComputerInfo                            3.1.0.0    Microsoft.PowerShell.Management
Alias           gjb -> Get-Job
Alias           gl -> Get-Location
Alias           gm -> Get-Member
Alias           gmo -> Get-Module
Alias           gp -> Get-ItemProperty
Alias           gps -> Get-Process
Alias           gpv -> Get-ItemPropertyValue
Alias           group -> Group-Object
Alias           gsn -> Get-PSSession
Alias           gsnp -> Get-PSSnapin
Alias           gsv -> Get-Service
Alias           gtz -> Get-TimeZone                                3.1.0.0    Microsoft.PowerShell.Management
Alias           gu -> Get-Unique
Alias           gv -> Get-Variable
Alias           gwmi -> Get-WmiObject
Alias           h -> Get-History
Alias           history -> Get-History
Alias           icm -> Invoke-Command
Alias           iex -> Invoke-Expression
Alias           ihy -> Invoke-History
Alias           ii -> Invoke-Item
Alias           ipal -> Import-Alias
Alias           ipcsv -> Import-Csv
Alias           ipmo -> Import-Module
Alias           ipsn -> Import-PSSession
Alias           irm -> Invoke-RestMethod
Alias           ise -> powershell_ise.exe
Alias           iwmi -> Invoke-WmiMethod
Alias           iwr -> Invoke-WebRequest
Alias           kill -> Stop-Process
Alias           lp -> Out-Printer
Alias           ls -> Get-ChildItem
Alias           man -> help
Alias           md -> mkdir
Alias           measure -> Measure-Object
Alias           mi -> Move-Item
Alias           mount -> New-PSDrive
Alias           move -> Move-Item
Alias           mp -> Move-ItemProperty
Alias           mv -> Move-Item
Alias           nal -> New-Alias
Alias           ndr -> New-PSDrive
Alias           ni -> New-Item
Alias           nmo -> New-Module
Alias           npssc -> New-PSSessionConfigurationFile
Alias           nsn -> New-PSSession
Alias           nv -> New-Variable
Alias           ogv -> Out-GridView
Alias           oh -> Out-Host
Alias           popd -> Pop-Location
Alias           ps -> Get-Process
Alias           psedit -> Open-EditorFile                          0.2.0      PowerShellEditorServices.Commands
Alias           pushd -> Push-Location
Alias           pwd -> Get-Location
Alias           r -> Invoke-History
Alias           rbp -> Remove-PSBreakpoint
Alias           rcjb -> Receive-Job
Alias           rcsn -> Receive-PSSession
Alias           rd -> Remove-Item
Alias           rdr -> Remove-PSDrive
Alias           ren -> Rename-Item
Alias           ri -> Remove-Item
Alias           rjb -> Remove-Job
Alias           rm -> Remove-Item
Alias           rmdir -> Remove-Item
Alias           rmo -> Remove-Module
Alias           rni -> Rename-Item
Alias           rnp -> Rename-ItemProperty
Alias           rp -> Remove-ItemProperty
Alias           rsn -> Remove-PSSession
Alias           rsnp -> Remove-PSSnapin
Alias           rujb -> Resume-Job
Alias           rv -> Remove-Variable
Alias           rvpa -> Resolve-Path
Alias           rwmi -> Remove-WmiObject
Alias           sajb -> Start-Job
Alias           sal -> Set-Alias
Alias           saps -> Start-Process
Alias           sasv -> Start-Service
Alias           sbp -> Set-PSBreakpoint
Alias           sc -> Set-Content
Alias           scb -> Set-Clipboard                               3.1.0.0    Microsoft.PowerShell.Management
Alias           select -> Select-Object
Alias           set -> Set-Variable
Alias           shcm -> Show-Command
Alias           si -> Set-Item
Alias           sl -> Set-Location
Alias           sleep -> Start-Sleep
Alias           sls -> Select-String
Alias           sort -> Sort-Object
Alias           sp -> Set-ItemProperty
Alias           spjb -> Stop-Job
Alias           spps -> Stop-Process
Alias           spsv -> Stop-Service
Alias           start -> Start-Process
Alias           stz -> Set-TimeZone                                3.1.0.0    Microsoft.PowerShell.Management
Alias           sujb -> Suspend-Job
Alias           sv -> Set-Variable
Alias           swmi -> Set-WmiInstance
Alias           tee -> Tee-Object
Alias           trcm -> Trace-Command
Alias           type -> Get-Content
Alias           wget -> Invoke-WebRequest
Alias           where -> Where-Object
Alias           wjb -> Wait-Job
Alias           write -> Write-Output


