2024-07-21 11:32:50 - INFO - Starting conversion in directory: C:/Temp/Target/Trial folder
2024-07-21 11:32:50 - INFO - Cutoff date for file modification: 2024-07-16
2024-07-21 11:32:52 - INFO - Processing file: C:/Temp/Target/Trial folder\12 way China\106300 Forequarter.doc
2024-07-21 11:32:53 - INFO - Opened file: C:/Temp/Target/Trial folder\12 way China\106300 Forequarter.doc
2024-07-21 11:32:53 - INFO - Converting to: C:\Temp\Target\Trial folder\12 way China\106300 Forequarter.docx
2024-07-21 11:32:53 - INFO - Saved file as: C:\Temp\Target\Trial folder\12 way China\106300 Forequarter.docx
2024-07-21 11:32:54 - INFO - Processing file: C:/Temp/Target/Trial folder\12 way China\150300 Butt.doc
2024-07-21 11:32:54 - INFO - Opened file: C:/Temp/Target/Trial folder\12 way China\150300 Butt.doc
2024-07-21 11:32:54 - INFO - Converting to: C:\Temp\Target\Trial folder\12 way China\150300 Butt.docx
2024-07-21 11:32:54 - INFO - Saved file as: C:\Temp\Target\Trial folder\12 way China\150300 Butt.docx
2024-07-21 11:32:55 - INFO - Processing file: C:/Temp/Target/Trial folder\12 way China\154000 Rump and Loin.doc
2024-07-21 11:32:55 - INFO - Opened file: C:/Temp/Target/Trial folder\12 way China\154000 Rump and Loin.doc
2024-07-21 11:32:55 - INFO - Converting to: C:\Temp\Target\Trial folder\12 way China\154000 Rump and Loin.docx
2024-07-21 11:32:55 - INFO - Saved file as: C:\Temp\Target\Trial folder\12 way China\154000 Rump and Loin.docx
2024-07-21 11:32:56 - INFO - Processing file: C:/Temp/Target/Trial folder\12 way China\159000 Rib Set.doc
2024-07-21 11:32:56 - INFO - Opened file: C:/Temp/Target/Trial folder\12 way China\159000 Rib Set.doc
2024-07-21 11:32:56 - INFO - Converting to: C:\Temp\Target\Trial folder\12 way China\159000 Rib Set.docx
2024-07-21 11:32:56 - INFO - Saved file as: C:\Temp\Target\Trial folder\12 way China\159000 Rib Set.docx
2024-07-21 11:32:57 - INFO - Processing file: C:/Temp/Target/Trial folder\12 way China\162400 Clod and Foreleg.doc
2024-07-21 11:32:57 - INFO - Opened file: C:/Temp/Target/Trial folder\12 way China\162400 Clod and Foreleg.doc
2024-07-21 11:32:57 - INFO - Converting to: C:\Temp\Target\Trial folder\12 way China\162400 Clod and Foreleg.docx
2024-07-21 11:32:57 - INFO - Saved file as: C:\Temp\Target\Trial folder\12 way China\162400 Clod and Foreleg.docx
2024-07-21 11:32:58 - INFO - Processing file: C:/Temp/Target/Trial folder\12 way China\164300 Brisket and Flank.doc
2024-07-21 11:32:58 - INFO - Opened file: C:/Temp/Target/Trial folder\12 way China\164300 Brisket and Flank.doc
2024-07-21 11:32:58 - INFO - Converting to: C:\Temp\Target\Trial folder\12 way China\164300 Brisket and Flank.docx
2024-07-21 11:32:59 - INFO - Saved file as: C:\Temp\Target\Trial folder\12 way China\164300 Brisket and Flank.docx
2024-07-21 11:33:00 - INFO - Processing file: C:/Temp/Target/Trial folder\12 way China\Neck.doc
2024-07-21 11:33:00 - INFO - Opened file: C:/Temp/Target/Trial folder\12 way China\Neck.doc
2024-07-21 11:33:00 - INFO - Converting to: C:\Temp\Target\Trial folder\12 way China\Neck.docx
2024-07-21 11:33:00 - INFO - Saved file as: C:\Temp\Target\Trial folder\12 way China\Neck.docx
2024-07-21 11:33:01 - INFO - Processing file: C:/Temp/Target/Trial folder\12 way China\Rib Set 7 rib.doc
2024-07-21 11:33:01 - INFO - Opened file: C:/Temp/Target/Trial folder\12 way China\Rib Set 7 rib.doc
2024-07-21 11:33:01 - INFO - Converting to: C:\Temp\Target\Trial folder\12 way China\Rib Set 7 rib.docx
2024-07-21 11:33:01 - INFO - Saved file as: C:\Temp\Target\Trial folder\12 way China\Rib Set 7 rib.docx
2024-07-21 11:33:02 - INFO - Processing file: C:/Temp/Target/Trial folder\12 way China\Shank.doc
2024-07-21 11:33:02 - INFO - Opened file: C:/Temp/Target/Trial folder\12 way China\Shank.doc
2024-07-21 11:33:02 - INFO - Converting to: C:\Temp\Target\Trial folder\12 way China\Shank.docx
2024-07-21 11:33:02 - INFO - Saved file as: C:\Temp\Target\Trial folder\12 way China\Shank.docx
2024-07-21 11:33:03 - INFO - Processing file: C:/Temp/Target/Trial folder\12 way China\Short Loin.doc
2024-07-21 11:33:03 - INFO - Opened file: C:/Temp/Target/Trial folder\12 way China\Short Loin.doc
2024-07-21 11:33:03 - INFO - Converting to: C:\Temp\Target\Trial folder\12 way China\Short Loin.docx
2024-07-21 11:33:03 - INFO - Saved file as: C:\Temp\Target\Trial folder\12 way China\Short Loin.docx
2024-07-21 11:33:04 - INFO - Processing file: C:/Temp/Target/Trial folder\12 way China\Short Ribs 12 rib.doc
2024-07-21 11:33:04 - INFO - Opened file: C:/Temp/Target/Trial folder\12 way China\Short Ribs 12 rib.doc
2024-07-21 11:33:04 - INFO - Converting to: C:\Temp\Target\Trial folder\12 way China\Short Ribs 12 rib.docx
2024-07-21 11:33:04 - INFO - Saved file as: C:\Temp\Target\Trial folder\12 way China\Short Ribs 12 rib.docx
2024-07-21 11:33:05 - INFO - Processing file: C:/Temp/Target/Trial folder\Woolworths\WWD601 - BEEF Rostbiff MB4-5 WAGYU WOOLWORTHS 263448-10695.doc
2024-07-21 11:33:11 - INFO - Opened file: C:/Temp/Target/Trial folder\Woolworths\WWD601 - BEEF Rostbiff MB4-5 WAGYU WOOLWORTHS 263448-10695.doc
2024-07-21 11:33:11 - INFO - Converting to: C:\Temp\Target\Trial folder\Woolworths\WWD601 - BEEF Rostbiff MB4-5 WAGYU WOOLWORTHS 263448-10695.docx
2024-07-21 11:33:11 - INFO - Saved file as: C:\Temp\Target\Trial folder\Woolworths\WWD601 - BEEF Rostbiff MB4-5 WAGYU WOOLWORTHS 263448-10695.docx
2024-07-21 11:33:12 - INFO - Processing file: C:/Temp/Target/Trial folder\Woolworths\CTNS\10216K - EQG Tenderloin SS Off PBR13 WOOLWORTHS 10103 CTN.doc
2024-07-21 11:33:12 - INFO - Opened file: C:/Temp/Target/Trial folder\Woolworths\CTNS\10216K - EQG Tenderloin SS Off PBR13 WOOLWORTHS 10103 CTN.doc
2024-07-21 11:33:12 - INFO - Converting to: C:\Temp\Target\Trial folder\Woolworths\CTNS\10216K - EQG Tenderloin SS Off PBR13 WOOLWORTHS 10103 CTN.docx
2024-07-21 11:33:12 - INFO - Saved file as: C:\Temp\Target\Trial folder\Woolworths\CTNS\10216K - EQG Tenderloin SS Off PBR13 WOOLWORTHS 10103 CTN.docx
2024-07-21 11:33:13 - INFO - Processing file: C:/Temp/Target/Trial folder\Woolworths\CTNS\207034 - YP Knuckle (HALVES) WOOLWORTHS 698378 CTN.doc
2024-07-21 11:33:13 - INFO - Opened file: C:/Temp/Target/Trial folder\Woolworths\CTNS\207034 - YP Knuckle (HALVES) WOOLWORTHS 698378 CTN.doc
2024-07-21 11:33:13 - INFO - Converting to: C:\Temp\Target\Trial folder\Woolworths\CTNS\207034 - YP Knuckle (HALVES) WOOLWORTHS 698378 CTN.docx
2024-07-21 11:33:13 - INFO - Saved file as: C:\Temp\Target\Trial folder\Woolworths\CTNS\207034 - YP Knuckle (HALVES) WOOLWORTHS 698378 CTN.docx
2024-07-21 11:33:15 - INFO - Processing file: C:/Temp/Target/Trial folder\Woolworths\CTNS\236007 - BEEF Trimmings 90CL (SHIN) WOOLWORTHS 160496 CTN.doc
2024-07-21 11:33:15 - INFO - Opened file: C:/Temp/Target/Trial folder\Woolworths\CTNS\236007 - BEEF Trimmings 90CL (SHIN) WOOLWORTHS 160496 CTN.doc
2024-07-21 11:33:15 - INFO - Converting to: C:\Temp\Target\Trial folder\Woolworths\CTNS\236007 - BEEF Trimmings 90CL (SHIN) WOOLWORTHS 160496 CTN.docx
2024-07-21 11:33:15 - INFO - Saved file as: C:\Temp\Target\Trial folder\Woolworths\CTNS\236007 - BEEF Trimmings 90CL (SHIN) WOOLWORTHS 160496 CTN.docx
2024-07-21 11:33:16 - INFO - Conversion completed.
