2024-07-21 11:24:24 - INFO - Starting conversion in directory: C:/Temp/Target/Trial folder
2024-07-21 11:24:24 - INFO - Cutoff date for file modification: 2024-07-11
2024-07-21 11:24:27 - INFO - Processing file: C:/Temp/Target/Trial folder\12 way China\106300 Forequarter.doc
2024-07-21 11:24:27 - ERROR - Error processing file C:/Temp/Target/Trial folder\12 way China\106300 Forequarter.doc: (-2147352567, 'Exception occurred.', (0, 'Microsoft Word', "Sorry, we couldn't find your file. Was it moved, renamed, or deleted?\r (C:\\//Temp/Target/Trial%20folder/12%20...)", 'wdmain11.chm', 24654, -2146823114), None)
2024-07-21 11:24:28 - INFO - Processing file: C:/Temp/Target/Trial folder\12 way China\150300 Butt.doc
2024-07-21 11:24:28 - ERROR - Error processing file C:/Temp/Target/Trial folder\12 way China\150300 Butt.doc: (-2147352567, 'Exception occurred.', (0, 'Microsoft Word', "Sorry, we couldn't find your file. Was it moved, renamed, or deleted?\r (C:\\//Temp/Target/Trial%20folder/12%20...)", 'wdmain11.chm', 24654, -2146823114), None)
2024-07-21 11:24:29 - INFO - Processing file: C:/Temp/Target/Trial folder\12 way China\154000 Rump and Loin.doc
2024-07-21 11:24:29 - ERROR - Error processing file C:/Temp/Target/Trial folder\12 way China\154000 Rump and Loin.doc: (-2147352567, 'Exception occurred.', (0, 'Microsoft Word', "Sorry, we couldn't find your file. Was it moved, renamed, or deleted?\r (C:\\//Temp/Target/Trial%20folder/12%20...)", 'wdmain11.chm', 24654, -2146823114), None)
2024-07-21 11:24:30 - INFO - Processing file: C:/Temp/Target/Trial folder\12 way China\159000 Rib Set.doc
2024-07-21 11:24:30 - ERROR - Error processing file C:/Temp/Target/Trial folder\12 way China\159000 Rib Set.doc: (-2147352567, 'Exception occurred.', (0, 'Microsoft Word', "Sorry, we couldn't find your file. Was it moved, renamed, or deleted?\r (C:\\//Temp/Target/Trial%20folder/12%20...)", 'wdmain11.chm', 24654, -2146823114), None)
2024-07-21 11:24:31 - INFO - Processing file: C:/Temp/Target/Trial folder\12 way China\162400 Clod and Foreleg.doc
2024-07-21 11:24:31 - ERROR - Error processing file C:/Temp/Target/Trial folder\12 way China\162400 Clod and Foreleg.doc: (-2147352567, 'Exception occurred.', (0, 'Microsoft Word', "Sorry, we couldn't find your file. Was it moved, renamed, or deleted?\r (C:\\//Temp/Target/Trial%20folder/12%20...)", 'wdmain11.chm', 24654, -2146823114), None)
2024-07-21 11:24:32 - INFO - Processing file: C:/Temp/Target/Trial folder\12 way China\164300 Brisket and Flank.doc
2024-07-21 11:24:32 - ERROR - Error processing file C:/Temp/Target/Trial folder\12 way China\164300 Brisket and Flank.doc: (-2147352567, 'Exception occurred.', (0, 'Microsoft Word', "Sorry, we couldn't find your file. Was it moved, renamed, or deleted?\r (C:\\//Temp/Target/Trial%20folder/12%20...)", 'wdmain11.chm', 24654, -2146823114), None)
2024-07-21 11:24:33 - INFO - Processing file: C:/Temp/Target/Trial folder\12 way China\Neck.doc
2024-07-21 11:24:33 - ERROR - Error processing file C:/Temp/Target/Trial folder\12 way China\Neck.doc: (-2147352567, 'Exception occurred.', (0, 'Microsoft Word', "Sorry, we couldn't find your file. Was it moved, renamed, or deleted?\r (C:\\//Temp/Target/Trial%20folder/12%20...)", 'wdmain11.chm', 24654, -2146823114), None)
2024-07-21 11:24:34 - INFO - Processing file: C:/Temp/Target/Trial folder\12 way China\Rib Set 7 rib.doc
2024-07-21 11:24:34 - ERROR - Error processing file C:/Temp/Target/Trial folder\12 way China\Rib Set 7 rib.doc: (-2147352567, 'Exception occurred.', (0, 'Microsoft Word', "Sorry, we couldn't find your file. Was it moved, renamed, or deleted?\r (C:\\//Temp/Target/Trial%20folder/12%20...)", 'wdmain11.chm', 24654, -2146823114), None)
2024-07-21 11:24:35 - INFO - Processing file: C:/Temp/Target/Trial folder\12 way China\Shank.doc
2024-07-21 11:24:35 - ERROR - Error processing file C:/Temp/Target/Trial folder\12 way China\Shank.doc: (-2147352567, 'Exception occurred.', (0, 'Microsoft Word', "Sorry, we couldn't find your file. Was it moved, renamed, or deleted?\r (C:\\//Temp/Target/Trial%20folder/12%20...)", 'wdmain11.chm', 24654, -2146823114), None)
2024-07-21 11:24:36 - INFO - Processing file: C:/Temp/Target/Trial folder\12 way China\Short Loin.doc
2024-07-21 11:24:36 - ERROR - Error processing file C:/Temp/Target/Trial folder\12 way China\Short Loin.doc: (-2147352567, 'Exception occurred.', (0, 'Microsoft Word', "Sorry, we couldn't find your file. Was it moved, renamed, or deleted?\r (C:\\//Temp/Target/Trial%20folder/12%20...)", 'wdmain11.chm', 24654, -2146823114), None)
2024-07-21 11:24:37 - INFO - Processing file: C:/Temp/Target/Trial folder\12 way China\Short Ribs 12 rib.doc
2024-07-21 11:24:37 - ERROR - Error processing file C:/Temp/Target/Trial folder\12 way China\Short Ribs 12 rib.doc: (-2147352567, 'Exception occurred.', (0, 'Microsoft Word', "Sorry, we couldn't find your file. Was it moved, renamed, or deleted?\r (C:\\//Temp/Target/Trial%20folder/12%20...)", 'wdmain11.chm', 24654, -2146823114), None)
2024-07-21 11:24:38 - INFO - Processing file: C:/Temp/Target/Trial folder\Woolworths\WWD601 - BEEF Rostbiff MB4-5 WAGYU WOOLWORTHS 263448-10695.doc
2024-07-21 11:24:38 - ERROR - Error processing file C:/Temp/Target/Trial folder\Woolworths\WWD601 - BEEF Rostbiff MB4-5 WAGYU WOOLWORTHS 263448-10695.doc: (-2147352567, 'Exception occurred.', (0, 'Microsoft Word', "Sorry, we couldn't find your file. Was it moved, renamed, or deleted?\r (C:\\//Temp/Target/Trial%20folder/Woolw...)", 'wdmain11.chm', 24654, -2146823114), None)
2024-07-21 11:24:39 - INFO - Processing file: C:/Temp/Target/Trial folder\Woolworths\CTNS\10216K - EQG Tenderloin SS Off PBR13 WOOLWORTHS 10103 CTN.doc
2024-07-21 11:24:39 - ERROR - Error processing file C:/Temp/Target/Trial folder\Woolworths\CTNS\10216K - EQG Tenderloin SS Off PBR13 WOOLWORTHS 10103 CTN.doc: (-2147352567, 'Exception occurred.', (0, 'Microsoft Word', "Sorry, we couldn't find your file. Was it moved, renamed, or deleted?\r (C:\\//Temp/Target/Trial%20folder/Woolw...)", 'wdmain11.chm', 24654, -2146823114), None)
2024-07-21 11:24:40 - INFO - Processing file: C:/Temp/Target/Trial folder\Woolworths\CTNS\207034 - YP Knuckle (HALVES) WOOLWORTHS 698378 CTN.doc
2024-07-21 11:24:40 - ERROR - Error processing file C:/Temp/Target/Trial folder\Woolworths\CTNS\207034 - YP Knuckle (HALVES) WOOLWORTHS 698378 CTN.doc: (-2147352567, 'Exception occurred.', (0, 'Microsoft Word', "Sorry, we couldn't find your file. Was it moved, renamed, or deleted?\r (C:\\//Temp/Target/Trial%20folder/Woolw...)", 'wdmain11.chm', 24654, -2146823114), None)
2024-07-21 11:24:41 - INFO - Processing file: C:/Temp/Target/Trial folder\Woolworths\CTNS\236007 - BEEF Trimmings 90CL (SHIN) WOOLWORTHS 160496 CTN.doc
2024-07-21 11:24:41 - ERROR - Error processing file C:/Temp/Target/Trial folder\Woolworths\CTNS\236007 - BEEF Trimmings 90CL (SHIN) WOOLWORTHS 160496 CTN.doc: (-2147352567, 'Exception occurred.', (0, 'Microsoft Word', "Sorry, we couldn't find your file. Was it moved, renamed, or deleted?\r (C:\\//Temp/Target/Trial%20folder/Woolw...)", 'wdmain11.chm', 24654, -2146823114), None)
2024-07-21 11:24:42 - INFO - Conversion completed.
